{
  "stats": {
    "suites": 1,
    "tests": 4,
    "passes": 4,
    "pending": 0,
    "failures": 0,
    "start": "2022-12-21T12:13:01.868Z",
    "end": "2022-12-21T12:13:31.265Z",
    "duration": 29397,
    "testsRegistered": 4,
    "passPercent": 100,
    "pendingPercent": 0,
    "other": 0,
    "hasOther": false,
    "skipped": 0,
    "hasSkipped": false
  },
  "results": [
    {
      "uuid": "ae9679e3-85da-4893-8f20-2750f125bd95",
      "title": "",
      "fullFile": "cypress\\examples\\Alerts.js",
      "file": "cypress\\examples\\Alerts.js",
      "beforeHooks": [],
      "afterHooks": [],
      "tests": [],
      "suites": [
        {
          "uuid": "df28cd1f-a7e2-453b-b322-0a61b83efa2a",
          "title": "Alerts Test Suite",
          "fullFile": "",
          "file": "",
          "beforeHooks": [],
          "afterHooks": [],
          "tests": [
            {
              "title": "Normal Alert",
              "fullTitle": "Alerts Test Suite Normal Alert",
              "timedOut": null,
              "duration": 17246,
              "state": "passed",
              "speed": "slow",
              "pass": true,
              "fail": false,
              "pending": false,
              "context": null,
              "code": "cy.visit('https://demoqa.com/alerts');\ncy.xpath('//button[@id=\"alertButton\"]').click();\ncy.on('window:alert', t => {\n  expect(t).to.contains('You clicked a button');\n});",
              "err": {},
              "uuid": "ff63d0d2-19ac-4d75-bdf9-c884199c7722",
              "parentUUID": "df28cd1f-a7e2-453b-b322-0a61b83efa2a",
              "isHook": false,
              "skipped": false
            },
            {
              "title": "Alert with timer",
              "fullTitle": "Alerts Test Suite Alert with timer",
              "timedOut": null,
              "duration": 7459,
              "state": "passed",
              "speed": "medium",
              "pass": true,
              "fail": false,
              "pending": false,
              "context": null,
              "code": "cy.visit('https://demoqa.com/alerts');\ncy.xpath('//button[@id=\"timerAlertButton\"]', {\n  timeout: 6000\n}).click(); //cy.wait(6000)\ncy.on('window:alert', t => {\n  expect(t).to.contains('This alert appeared after 5 seconds');\n});",
              "err": {},
              "uuid": "02fcaf72-ecb8-4a5e-bb16-5f3045b6b956",
              "parentUUID": "df28cd1f-a7e2-453b-b322-0a61b83efa2a",
              "isHook": false,
              "skipped": false
            },
            {
              "title": "Alert with confirmation message",
              "fullTitle": "Alerts Test Suite Alert with confirmation message",
              "timedOut": null,
              "duration": 333,
              "state": "passed",
              "speed": "fast",
              "pass": true,
              "fail": false,
              "pending": false,
              "context": null,
              "code": "cy.xpath('//button[@id=\"confirmButton\"]').click();\ncy.on(\"window:confirm\", t => {\n  //verify text on pop-up\n  expect(t).to.equal(\"Do you confirm action?\");\n});",
              "err": {},
              "uuid": "fff15ec2-87a9-4eaf-a8cc-0db0a4d5e757",
              "parentUUID": "df28cd1f-a7e2-453b-b322-0a61b83efa2a",
              "isHook": false,
              "skipped": false
            },
            {
              "title": "Alert with prompt",
              "fullTitle": "Alerts Test Suite Alert with prompt",
              "timedOut": null,
              "duration": 423,
              "state": "passed",
              "speed": "fast",
              "pass": true,
              "fail": false,
              "pending": false,
              "context": null,
              "code": "cy.window().then(win => {\n  cy.stub(win, 'prompt').returns('My name is testUser');\n  cy.xpath('//button[@id=\"promtButton\"]').click();\n  cy.xpath('//span[@class=\"text-success\"]').contains('You entered My name is testUser');\n});",
              "err": {},
              "uuid": "6340782f-0355-4f17-9dfd-0fb2d6f09253",
              "parentUUID": "df28cd1f-a7e2-453b-b322-0a61b83efa2a",
              "isHook": false,
              "skipped": false
            }
          ],
          "suites": [],
          "passes": [
            "ff63d0d2-19ac-4d75-bdf9-c884199c7722",
            "02fcaf72-ecb8-4a5e-bb16-5f3045b6b956",
            "fff15ec2-87a9-4eaf-a8cc-0db0a4d5e757",
            "6340782f-0355-4f17-9dfd-0fb2d6f09253"
          ],
          "failures": [],
          "pending": [],
          "skipped": [],
          "duration": 25461,
          "root": false,
          "rootEmpty": false,
          "_timeout": 2000
        }
      ],
      "passes": [],
      "failures": [],
      "pending": [],
      "skipped": [],
      "duration": 0,
      "root": true,
      "rootEmpty": true,
      "_timeout": 2000
    }
  ],
  "meta": {
    "mocha": {
      "version": "7.0.1"
    },
    "mochawesome": {
      "options": {
        "quiet": false,
        "reportFilename": "mochawesome",
        "saveHtml": true,
        "saveJson": true,
        "consoleReporter": "spec",
        "useInlineDiffs": false,
        "code": true
      },
      "version": "7.1.3"
    },
    "marge": {
      "options": null,
      "version": "6.2.0"
    }
  }
}